{"name":"hexo","hostname":"AFOIG-611211055","pid":5668,"level":20,"msg":"Hexo version: \u001b[35m3.3.7\u001b[39m","time":"2017-08-16T12:08:32.184Z","v":0}
{"name":"hexo","hostname":"AFOIG-611211055","pid":5668,"level":20,"msg":"Working directory: \u001b[35mF:\\blog\\hexo\\myblog\\\u001b[39m","time":"2017-08-16T12:08:32.186Z","v":0}
{"name":"hexo","hostname":"AFOIG-611211055","pid":5668,"level":20,"msg":"Config loaded: \u001b[35mF:\\blog\\hexo\\myblog\\_config.yml\u001b[39m","time":"2017-08-16T12:08:32.854Z","v":0}
{"name":"hexo","hostname":"AFOIG-611211055","pid":5668,"level":20,"msg":"Plugin loaded: \u001b[35mhexo-deployer-git\u001b[39m","time":"2017-08-16T12:08:32.949Z","v":0}
{"name":"hexo","hostname":"AFOIG-611211055","pid":5668,"level":20,"msg":"Plugin loaded: \u001b[35mhexo-generator-archive\u001b[39m","time":"2017-08-16T12:08:32.968Z","v":0}
{"name":"hexo","hostname":"AFOIG-611211055","pid":5668,"level":20,"msg":"Plugin loaded: \u001b[35mhexo-generator-baidu-sitemap\u001b[39m","time":"2017-08-16T12:08:32.991Z","v":0}
{"name":"hexo","hostname":"AFOIG-611211055","pid":5668,"level":20,"msg":"Plugin loaded: \u001b[35mhexo-generator-category\u001b[39m","time":"2017-08-16T12:08:33.004Z","v":0}
{"name":"hexo","hostname":"AFOIG-611211055","pid":5668,"level":20,"msg":"Plugin loaded: \u001b[35mhexo-generator-feed\u001b[39m","time":"2017-08-16T12:08:33.016Z","v":0}
{"name":"hexo","hostname":"AFOIG-611211055","pid":5668,"level":20,"msg":"Plugin loaded: \u001b[35mhexo-generator-index\u001b[39m","time":"2017-08-16T12:08:33.025Z","v":0}
{"name":"hexo","hostname":"AFOIG-611211055","pid":5668,"level":20,"msg":"Plugin loaded: \u001b[35mhexo-generator-sitemap\u001b[39m","time":"2017-08-16T12:08:33.035Z","v":0}
{"name":"hexo","hostname":"AFOIG-611211055","pid":5668,"level":20,"msg":"Plugin loaded: \u001b[35mhexo-generator-tag\u001b[39m","time":"2017-08-16T12:08:33.043Z","v":0}
{"name":"hexo","hostname":"AFOIG-611211055","pid":5668,"level":20,"msg":"Plugin loaded: \u001b[35mhexo-renderer-ejs\u001b[39m","time":"2017-08-16T12:08:33.049Z","v":0}
{"name":"hexo","hostname":"AFOIG-611211055","pid":5668,"level":20,"msg":"Plugin loaded: \u001b[35mhexo-renderer-marked\u001b[39m","time":"2017-08-16T12:08:33.078Z","v":0}
{"name":"hexo","hostname":"AFOIG-611211055","pid":5668,"level":20,"msg":"Plugin loaded: \u001b[35mhexo-renderer-stylus\u001b[39m","time":"2017-08-16T12:08:33.082Z","v":0}
{"name":"hexo","hostname":"AFOIG-611211055","pid":5668,"level":20,"msg":"Plugin loaded: \u001b[35mhexo-server\u001b[39m","time":"2017-08-16T12:08:33.409Z","v":0}
{"name":"hexo","hostname":"AFOIG-611211055","pid":5668,"level":20,"msg":"Script loaded: \u001b[35mthemes\\next\\scripts\\tags\\button.js\u001b[39m","time":"2017-08-16T12:08:33.410Z","v":0}
{"name":"hexo","hostname":"AFOIG-611211055","pid":5668,"level":20,"msg":"Script loaded: \u001b[35mthemes\\next\\scripts\\merge-configs.js\u001b[39m","time":"2017-08-16T12:08:33.416Z","v":0}
{"name":"hexo","hostname":"AFOIG-611211055","pid":5668,"level":20,"msg":"Script loaded: \u001b[35mthemes\\next\\scripts\\merge.js\u001b[39m","time":"2017-08-16T12:08:33.420Z","v":0}
{"name":"hexo","hostname":"AFOIG-611211055","pid":5668,"level":20,"msg":"Script loaded: \u001b[35mthemes\\next\\scripts\\tags\\center-quote.js\u001b[39m","time":"2017-08-16T12:08:33.420Z","v":0}
{"name":"hexo","hostname":"AFOIG-611211055","pid":5668,"level":20,"msg":"Script loaded: \u001b[35mthemes\\next\\scripts\\tags\\exturl.js\u001b[39m","time":"2017-08-16T12:08:33.424Z","v":0}
{"name":"hexo","hostname":"AFOIG-611211055","pid":5668,"level":20,"msg":"Script loaded: \u001b[35mthemes\\next\\scripts\\tags\\full-image.js\u001b[39m","time":"2017-08-16T12:08:33.424Z","v":0}
{"name":"hexo","hostname":"AFOIG-611211055","pid":5668,"level":20,"msg":"Script loaded: \u001b[35mthemes\\next\\scripts\\tags\\note.js\u001b[39m","time":"2017-08-16T12:08:33.425Z","v":0}
{"name":"hexo","hostname":"AFOIG-611211055","pid":5668,"level":20,"msg":"Script loaded: \u001b[35mthemes\\next\\scripts\\tags\\group-pictures.js\u001b[39m","time":"2017-08-16T12:08:33.426Z","v":0}
{"name":"hexo","hostname":"AFOIG-611211055","pid":5668,"level":20,"msg":"Loading database.","time":"2017-08-16T12:08:33.436Z","v":0}
{"name":"hexo","hostname":"AFOIG-611211055","pid":5668,"level":30,"msg":"Start processing","time":"2017-08-16T12:08:33.746Z","v":0}
{"name":"hexo","hostname":"AFOIG-611211055","pid":5668,"level":20,"msg":"Processed: \u001b[35m404.html\u001b[39m","time":"2017-08-16T12:08:33.851Z","v":0}
{"name":"hexo","hostname":"AFOIG-611211055","pid":5668,"level":20,"msg":"Processed: \u001b[35mdebug.log\u001b[39m","time":"2017-08-16T12:08:33.852Z","v":0}
{"name":"hexo","hostname":"AFOIG-611211055","pid":5668,"level":20,"msg":"Processed: \u001b[35m404/index.md\u001b[39m","time":"2017-08-16T12:08:33.946Z","v":0}
{"name":"hexo","hostname":"AFOIG-611211055","pid":5668,"level":20,"msg":"Processed: \u001b[35m_posts/PWA-1.md\u001b[39m","time":"2017-08-16T12:08:33.946Z","v":0}
{"name":"hexo","hostname":"AFOIG-611211055","pid":5668,"level":20,"msg":"Processed: \u001b[35m_posts/js函数式编程-1.md\u001b[39m","time":"2017-08-16T12:08:33.946Z","v":0}
{"name":"hexo","hostname":"AFOIG-611211055","pid":5668,"level":20,"msg":"Processed: \u001b[35m_posts/js函数式编程-3.md\u001b[39m","time":"2017-08-16T12:08:33.946Z","v":0}
{"name":"hexo","hostname":"AFOIG-611211055","pid":5668,"level":20,"msg":"Processed: \u001b[35m_posts/js函数式编程-2.md\u001b[39m","time":"2017-08-16T12:08:33.946Z","v":0}
{"name":"hexo","hostname":"AFOIG-611211055","pid":5668,"level":20,"msg":"Processed: \u001b[35m_posts/js函数式编程-4.md\u001b[39m","time":"2017-08-16T12:08:33.947Z","v":0}
{"name":"hexo","hostname":"AFOIG-611211055","pid":5668,"level":20,"msg":"Processed: \u001b[35m_posts/js函数式编程-5.md\u001b[39m","time":"2017-08-16T12:08:33.947Z","v":0}
{"name":"hexo","hostname":"AFOIG-611211055","pid":5668,"level":20,"msg":"Processed: \u001b[35m_posts/js函数式编程-6.md\u001b[39m","time":"2017-08-16T12:08:33.947Z","v":0}
{"name":"hexo","hostname":"AFOIG-611211055","pid":5668,"level":20,"msg":"Processed: \u001b[35m_posts/js函数式编程-读书笔记-1.md\u001b[39m","time":"2017-08-16T12:08:33.947Z","v":0}
{"name":"hexo","hostname":"AFOIG-611211055","pid":5668,"level":20,"msg":"Processed: \u001b[35m_posts/js函数式编程-读书笔记-2.md\u001b[39m","time":"2017-08-16T12:08:33.947Z","v":0}
{"name":"hexo","hostname":"AFOIG-611211055","pid":5668,"level":20,"msg":"Processed: \u001b[35m_posts/js函数式编程-读书笔记-5.md\u001b[39m","time":"2017-08-16T12:08:33.947Z","v":0}
{"name":"hexo","hostname":"AFOIG-611211055","pid":5668,"level":20,"msg":"Processed: \u001b[35m_posts/js函数式编程-读书笔记-3.md\u001b[39m","time":"2017-08-16T12:08:33.947Z","v":0}
{"name":"hexo","hostname":"AFOIG-611211055","pid":5668,"level":20,"msg":"Processed: \u001b[35m_posts/js函数式编程-读书笔记-6.md\u001b[39m","time":"2017-08-16T12:08:33.947Z","v":0}
{"name":"hexo","hostname":"AFOIG-611211055","pid":5668,"level":20,"msg":"Processed: \u001b[35m_posts/js函数式编程-读书笔记-4.md\u001b[39m","time":"2017-08-16T12:08:33.947Z","v":0}
{"name":"hexo","hostname":"AFOIG-611211055","pid":5668,"level":20,"msg":"Processed: \u001b[35m_posts/js函数式编程-读书笔记-7.md\u001b[39m","time":"2017-08-16T12:08:33.948Z","v":0}
{"name":"hexo","hostname":"AFOIG-611211055","pid":5668,"level":20,"msg":"Processed: \u001b[35m_posts/js函数式编程-读书笔记.md\u001b[39m","time":"2017-08-16T12:08:33.948Z","v":0}
{"name":"hexo","hostname":"AFOIG-611211055","pid":5668,"level":20,"msg":"Processed: \u001b[35m_posts/js函数式编程.md\u001b[39m","time":"2017-08-16T12:08:33.948Z","v":0}
{"name":"hexo","hostname":"AFOIG-611211055","pid":5668,"level":20,"msg":"Processed: \u001b[35m_posts/js面向对象编程-1.md\u001b[39m","time":"2017-08-16T12:08:33.949Z","v":0}
{"name":"hexo","hostname":"AFOIG-611211055","pid":5668,"level":20,"msg":"Processed: \u001b[35m_posts/js面向对象编程-2.md\u001b[39m","time":"2017-08-16T12:08:33.949Z","v":0}
{"name":"hexo","hostname":"AFOIG-611211055","pid":5668,"level":20,"msg":"Processed: \u001b[35m_posts/js面向对象编程.md\u001b[39m","time":"2017-08-16T12:08:33.950Z","v":0}
{"name":"hexo","hostname":"AFOIG-611211055","pid":5668,"level":20,"msg":"Processed: \u001b[35m_posts/vue-admin.md\u001b[39m","time":"2017-08-16T12:08:33.950Z","v":0}
{"name":"hexo","hostname":"AFOIG-611211055","pid":5668,"level":20,"msg":"Processed: \u001b[35m_posts/vue-end.md\u001b[39m","time":"2017-08-16T12:08:33.988Z","v":0}
{"name":"hexo","hostname":"AFOIG-611211055","pid":5668,"level":20,"msg":"Processed: \u001b[35m_posts/vue-vuex.md\u001b[39m","time":"2017-08-16T12:08:33.988Z","v":0}
{"name":"hexo","hostname":"AFOIG-611211055","pid":5668,"level":20,"msg":"Processed: \u001b[35m_posts/服务端学习.md\u001b[39m","time":"2017-08-16T12:08:33.989Z","v":0}
{"name":"hexo","hostname":"AFOIG-611211055","pid":5668,"level":20,"msg":"Processed: \u001b[35mabout/index.md\u001b[39m","time":"2017-08-16T12:08:33.990Z","v":0}
{"name":"hexo","hostname":"AFOIG-611211055","pid":5668,"level":20,"msg":"Processed: \u001b[35mcategories/index.md\u001b[39m","time":"2017-08-16T12:08:33.991Z","v":0}
{"name":"hexo","hostname":"AFOIG-611211055","pid":5668,"level":20,"msg":"Processed: \u001b[35mtags/index.md\u001b[39m","time":"2017-08-16T12:08:33.992Z","v":0}
{"name":"hexo","hostname":"AFOIG-611211055","pid":5668,"level":20,"msg":"Theme config loaded.","time":"2017-08-16T12:08:34.078Z","v":0}
{"name":"hexo","hostname":"AFOIG-611211055","pid":5668,"level":20,"msg":"Processed: \u001b[35m_config.yml\u001b[39m","time":"2017-08-16T12:08:34.082Z","v":0}
{"name":"hexo","hostname":"AFOIG-611211055","pid":5668,"level":20,"msg":"Processed: \u001b[35msource/css/main.styl\u001b[39m","time":"2017-08-16T12:08:34.084Z","v":0}
{"name":"hexo","hostname":"AFOIG-611211055","pid":5668,"level":20,"msg":"Processed: \u001b[35msource/images/cc-by-nc-nd.svg\u001b[39m","time":"2017-08-16T12:08:34.085Z","v":0}
{"name":"hexo","hostname":"AFOIG-611211055","pid":5668,"level":20,"msg":"Processed: \u001b[35msource/images/algolia_logo.svg\u001b[39m","time":"2017-08-16T12:08:34.085Z","v":0}
{"name":"hexo","hostname":"AFOIG-611211055","pid":5668,"level":20,"msg":"Processed: \u001b[35msource/images/avatar.gif\u001b[39m","time":"2017-08-16T12:08:34.086Z","v":0}
{"name":"hexo","hostname":"AFOIG-611211055","pid":5668,"level":20,"msg":"Processed: \u001b[35msource/images/cc-by-nc-sa.svg\u001b[39m","time":"2017-08-16T12:08:34.086Z","v":0}
{"name":"hexo","hostname":"AFOIG-611211055","pid":5668,"level":20,"msg":"Processed: \u001b[35msource/images/cc-by-nd.svg\u001b[39m","time":"2017-08-16T12:08:34.087Z","v":0}
{"name":"hexo","hostname":"AFOIG-611211055","pid":5668,"level":20,"msg":"Processed: \u001b[35msource/images/cc-by-sa.svg\u001b[39m","time":"2017-08-16T12:08:34.088Z","v":0}
{"name":"hexo","hostname":"AFOIG-611211055","pid":5668,"level":20,"msg":"Processed: \u001b[35msource/images/cc-by.svg\u001b[39m","time":"2017-08-16T12:08:34.089Z","v":0}
{"name":"hexo","hostname":"AFOIG-611211055","pid":5668,"level":20,"msg":"Processed: \u001b[35msource/images/cc-zero.svg\u001b[39m","time":"2017-08-16T12:08:34.089Z","v":0}
{"name":"hexo","hostname":"AFOIG-611211055","pid":5668,"level":20,"msg":"Processed: \u001b[35msource/images/loading.gif\u001b[39m","time":"2017-08-16T12:08:34.090Z","v":0}
{"name":"hexo","hostname":"AFOIG-611211055","pid":5668,"level":20,"msg":"Processed: \u001b[35msource/images/quote-l.svg\u001b[39m","time":"2017-08-16T12:08:34.090Z","v":0}
{"name":"hexo","hostname":"AFOIG-611211055","pid":5668,"level":20,"msg":"Processed: \u001b[35msource/images/placeholder.gif\u001b[39m","time":"2017-08-16T12:08:34.091Z","v":0}
{"name":"hexo","hostname":"AFOIG-611211055","pid":5668,"level":20,"msg":"Processed: \u001b[35msource/images/quote-r.svg\u001b[39m","time":"2017-08-16T12:08:34.091Z","v":0}
{"name":"hexo","hostname":"AFOIG-611211055","pid":5668,"level":20,"msg":"Processed: \u001b[35msource/images/searchicon.png\u001b[39m","time":"2017-08-16T12:08:34.092Z","v":0}
{"name":"hexo","hostname":"AFOIG-611211055","pid":5668,"level":20,"msg":"Processed: \u001b[35msource/images/cc-by-nc.svg\u001b[39m","time":"2017-08-16T12:08:34.092Z","v":0}
{"name":"hexo","hostname":"AFOIG-611211055","pid":5668,"level":20,"msg":"Processed: \u001b[35muploads/avatar.jpg\u001b[39m","time":"2017-08-16T12:08:34.130Z","v":0}
{"name":"hexo","hostname":"AFOIG-611211055","pid":5668,"level":20,"msg":"Processed: \u001b[35mlayout/category.swig\u001b[39m","time":"2017-08-16T12:08:34.374Z","v":0}
{"name":"hexo","hostname":"AFOIG-611211055","pid":5668,"level":20,"msg":"Processed: \u001b[35mlayout/_layout.swig\u001b[39m","time":"2017-08-16T12:08:34.375Z","v":0}
{"name":"hexo","hostname":"AFOIG-611211055","pid":5668,"level":20,"msg":"Processed: \u001b[35mlayout/page.swig\u001b[39m","time":"2017-08-16T12:08:34.375Z","v":0}
{"name":"hexo","hostname":"AFOIG-611211055","pid":5668,"level":20,"msg":"Processed: \u001b[35mlayout/archive.swig\u001b[39m","time":"2017-08-16T12:08:34.376Z","v":0}
{"name":"hexo","hostname":"AFOIG-611211055","pid":5668,"level":20,"msg":"Processed: \u001b[35mlayout/post.swig\u001b[39m","time":"2017-08-16T12:08:34.376Z","v":0}
{"name":"hexo","hostname":"AFOIG-611211055","pid":5668,"level":20,"msg":"Processed: \u001b[35mlayout/index.swig\u001b[39m","time":"2017-08-16T12:08:34.376Z","v":0}
{"name":"hexo","hostname":"AFOIG-611211055","pid":5668,"level":20,"msg":"Processed: \u001b[35mlayout/schedule.swig\u001b[39m","time":"2017-08-16T12:08:34.377Z","v":0}
{"name":"hexo","hostname":"AFOIG-611211055","pid":5668,"level":20,"msg":"Processed: \u001b[35mlayout/tag.swig\u001b[39m","time":"2017-08-16T12:08:34.377Z","v":0}
{"name":"hexo","hostname":"AFOIG-611211055","pid":5668,"level":20,"msg":"Processed: \u001b[35mlanguages/default.yml\u001b[39m","time":"2017-08-16T12:08:34.400Z","v":0}
{"name":"hexo","hostname":"AFOIG-611211055","pid":5668,"level":20,"msg":"Processed: \u001b[35mlanguages/en.yml\u001b[39m","time":"2017-08-16T12:08:34.400Z","v":0}
{"name":"hexo","hostname":"AFOIG-611211055","pid":5668,"level":20,"msg":"Processed: \u001b[35mlanguages/de.yml\u001b[39m","time":"2017-08-16T12:08:34.401Z","v":0}
{"name":"hexo","hostname":"AFOIG-611211055","pid":5668,"level":20,"msg":"Processed: \u001b[35mlanguages/fr-FR.yml\u001b[39m","time":"2017-08-16T12:08:34.401Z","v":0}
{"name":"hexo","hostname":"AFOIG-611211055","pid":5668,"level":20,"msg":"Processed: \u001b[35mlanguages/id.yml\u001b[39m","time":"2017-08-16T12:08:34.402Z","v":0}
{"name":"hexo","hostname":"AFOIG-611211055","pid":5668,"level":20,"msg":"Processed: \u001b[35mlanguages/ja.yml\u001b[39m","time":"2017-08-16T12:08:34.402Z","v":0}
{"name":"hexo","hostname":"AFOIG-611211055","pid":5668,"level":20,"msg":"Processed: \u001b[35mlanguages/ko.yml\u001b[39m","time":"2017-08-16T12:08:34.403Z","v":0}
{"name":"hexo","hostname":"AFOIG-611211055","pid":5668,"level":20,"msg":"Processed: \u001b[35mlanguages/pt-BR.yml\u001b[39m","time":"2017-08-16T12:08:34.403Z","v":0}
{"name":"hexo","hostname":"AFOIG-611211055","pid":5668,"level":20,"msg":"Processed: \u001b[35mlanguages/pt.yml\u001b[39m","time":"2017-08-16T12:08:34.403Z","v":0}
{"name":"hexo","hostname":"AFOIG-611211055","pid":5668,"level":20,"msg":"Processed: \u001b[35mlanguages/ru.yml\u001b[39m","time":"2017-08-16T12:08:34.404Z","v":0}
{"name":"hexo","hostname":"AFOIG-611211055","pid":5668,"level":20,"msg":"Processed: \u001b[35mlanguages/zh-Hans.yml\u001b[39m","time":"2017-08-16T12:08:34.404Z","v":0}
{"name":"hexo","hostname":"AFOIG-611211055","pid":5668,"level":20,"msg":"Processed: \u001b[35mlanguages/zh-hk.yml\u001b[39m","time":"2017-08-16T12:08:34.404Z","v":0}
{"name":"hexo","hostname":"AFOIG-611211055","pid":5668,"level":20,"msg":"Processed: \u001b[35mlanguages/zh-tw.yml\u001b[39m","time":"2017-08-16T12:08:34.405Z","v":0}
{"name":"hexo","hostname":"AFOIG-611211055","pid":5668,"level":20,"msg":"Processed: \u001b[35m_posts/Ramda库学习.md\u001b[39m","time":"2017-08-16T12:08:34.405Z","v":0}
{"name":"hexo","hostname":"AFOIG-611211055","pid":5668,"level":20,"msg":"Processed: \u001b[35msource/js/src/affix.js\u001b[39m","time":"2017-08-16T12:08:34.406Z","v":0}
{"name":"hexo","hostname":"AFOIG-611211055","pid":5668,"level":20,"msg":"Processed: \u001b[35msource/js/src/algolia-search.js\u001b[39m","time":"2017-08-16T12:08:34.406Z","v":0}
{"name":"hexo","hostname":"AFOIG-611211055","pid":5668,"level":20,"msg":"Processed: \u001b[35msource/js/src/exturl.js\u001b[39m","time":"2017-08-16T12:08:34.406Z","v":0}
{"name":"hexo","hostname":"AFOIG-611211055","pid":5668,"level":20,"msg":"Processed: \u001b[35msource/js/src/bootstrap.js\u001b[39m","time":"2017-08-16T12:08:34.407Z","v":0}
{"name":"hexo","hostname":"AFOIG-611211055","pid":5668,"level":20,"msg":"Processed: \u001b[35msource/js/src/hook-duoshuo.js\u001b[39m","time":"2017-08-16T12:08:34.409Z","v":0}
{"name":"hexo","hostname":"AFOIG-611211055","pid":5668,"level":20,"msg":"Processed: \u001b[35msource/js/src/post-details.js\u001b[39m","time":"2017-08-16T12:08:34.410Z","v":0}
{"name":"hexo","hostname":"AFOIG-611211055","pid":5668,"level":20,"msg":"Processed: \u001b[35msource/js/src/scrollspy.js\u001b[39m","time":"2017-08-16T12:08:34.410Z","v":0}
{"name":"hexo","hostname":"AFOIG-611211055","pid":5668,"level":20,"msg":"Processed: \u001b[35msource/js/src/utils.js\u001b[39m","time":"2017-08-16T12:08:34.411Z","v":0}
{"name":"hexo","hostname":"AFOIG-611211055","pid":5668,"level":20,"msg":"Processed: \u001b[35msource/lib/algolia-instant-search/instantsearch.min.css\u001b[39m","time":"2017-08-16T12:08:34.411Z","v":0}
{"name":"hexo","hostname":"AFOIG-611211055","pid":5668,"level":20,"msg":"Processed: \u001b[35msource/lib/canvas-nest/canvas-nest.min.js\u001b[39m","time":"2017-08-16T12:08:34.413Z","v":0}
{"name":"hexo","hostname":"AFOIG-611211055","pid":5668,"level":20,"msg":"Processed: \u001b[35msource/lib/fastclick/LICENSE\u001b[39m","time":"2017-08-16T12:08:34.416Z","v":0}
{"name":"hexo","hostname":"AFOIG-611211055","pid":5668,"level":20,"msg":"Processed: \u001b[35msource/lib/fastclick/README.md\u001b[39m","time":"2017-08-16T12:08:34.417Z","v":0}
{"name":"hexo","hostname":"AFOIG-611211055","pid":5668,"level":20,"msg":"Processed: \u001b[35msource/lib/fastclick/bower.json\u001b[39m","time":"2017-08-16T12:08:34.418Z","v":0}
{"name":"hexo","hostname":"AFOIG-611211055","pid":5668,"level":20,"msg":"Processed: \u001b[35msource/lib/font-awesome/bower.json\u001b[39m","time":"2017-08-16T12:08:34.418Z","v":0}
{"name":"hexo","hostname":"AFOIG-611211055","pid":5668,"level":20,"msg":"Processed: \u001b[35msource/lib/font-awesome/HELP-US-OUT.txt\u001b[39m","time":"2017-08-16T12:08:34.418Z","v":0}
{"name":"hexo","hostname":"AFOIG-611211055","pid":5668,"level":20,"msg":"Processed: \u001b[35msource/lib/jquery_lazyload/README.md\u001b[39m","time":"2017-08-16T12:08:34.418Z","v":0}
{"name":"hexo","hostname":"AFOIG-611211055","pid":5668,"level":20,"msg":"Processed: \u001b[35msource/lib/jquery_lazyload/CONTRIBUTING.md\u001b[39m","time":"2017-08-16T12:08:34.419Z","v":0}
{"name":"hexo","hostname":"AFOIG-611211055","pid":5668,"level":20,"msg":"Processed: \u001b[35msource/lib/jquery_lazyload/bower.json\u001b[39m","time":"2017-08-16T12:08:34.419Z","v":0}
{"name":"hexo","hostname":"AFOIG-611211055","pid":5668,"level":20,"msg":"Processed: \u001b[35msource/lib/jquery_lazyload/jquery.lazyload.js\u001b[39m","time":"2017-08-16T12:08:34.419Z","v":0}
{"name":"hexo","hostname":"AFOIG-611211055","pid":5668,"level":20,"msg":"Processed: \u001b[35msource/lib/jquery_lazyload/jquery.scrollstop.js\u001b[39m","time":"2017-08-16T12:08:34.420Z","v":0}
{"name":"hexo","hostname":"AFOIG-611211055","pid":5668,"level":20,"msg":"Processed: \u001b[35msource/lib/three/three-waves.min.js\u001b[39m","time":"2017-08-16T12:08:34.420Z","v":0}
{"name":"hexo","hostname":"AFOIG-611211055","pid":5668,"level":20,"msg":"Processed: \u001b[35msource/lib/velocity/bower.json\u001b[39m","time":"2017-08-16T12:08:34.421Z","v":0}
{"name":"hexo","hostname":"AFOIG-611211055","pid":5668,"level":20,"msg":"Processed: \u001b[35msource/lib/velocity/velocity.min.js\u001b[39m","time":"2017-08-16T12:08:34.421Z","v":0}
{"name":"hexo","hostname":"AFOIG-611211055","pid":5668,"level":20,"msg":"Processed: \u001b[35msource/lib/velocity/velocity.ui.js\u001b[39m","time":"2017-08-16T12:08:34.421Z","v":0}
{"name":"hexo","hostname":"AFOIG-611211055","pid":5668,"level":20,"msg":"Processed: \u001b[35msource/js/src/motion.js\u001b[39m","time":"2017-08-16T12:08:34.421Z","v":0}
{"name":"hexo","hostname":"AFOIG-611211055","pid":5668,"level":20,"msg":"Processed: \u001b[35msource/lib/velocity/velocity.ui.min.js\u001b[39m","time":"2017-08-16T12:08:34.422Z","v":0}
{"name":"hexo","hostname":"AFOIG-611211055","pid":5668,"level":20,"msg":"Processed: \u001b[35msource/lib/jquery/index.js\u001b[39m","time":"2017-08-16T12:08:34.844Z","v":0}
{"name":"hexo","hostname":"AFOIG-611211055","pid":5668,"level":20,"msg":"Processed: \u001b[35mlayout/_custom/header.swig\u001b[39m","time":"2017-08-16T12:08:34.910Z","v":0}
{"name":"hexo","hostname":"AFOIG-611211055","pid":5668,"level":20,"msg":"Processed: \u001b[35mlayout/_macro/post-collapse.swig\u001b[39m","time":"2017-08-16T12:08:34.910Z","v":0}
{"name":"hexo","hostname":"AFOIG-611211055","pid":5668,"level":20,"msg":"Processed: \u001b[35mlayout/_macro/post-copyright.swig\u001b[39m","time":"2017-08-16T12:08:34.910Z","v":0}
{"name":"hexo","hostname":"AFOIG-611211055","pid":5668,"level":20,"msg":"Processed: \u001b[35mlayout/_macro/reward.swig\u001b[39m","time":"2017-08-16T12:08:34.911Z","v":0}
{"name":"hexo","hostname":"AFOIG-611211055","pid":5668,"level":20,"msg":"Processed: \u001b[35mlayout/_macro/post.swig\u001b[39m","time":"2017-08-16T12:08:34.912Z","v":0}
{"name":"hexo","hostname":"AFOIG-611211055","pid":5668,"level":20,"msg":"Processed: \u001b[35mlayout/_macro/sidebar.swig\u001b[39m","time":"2017-08-16T12:08:34.912Z","v":0}
{"name":"hexo","hostname":"AFOIG-611211055","pid":5668,"level":20,"msg":"Processed: \u001b[35mlayout/_partials/comments.swig\u001b[39m","time":"2017-08-16T12:08:34.913Z","v":0}
{"name":"hexo","hostname":"AFOIG-611211055","pid":5668,"level":20,"msg":"Processed: \u001b[35mlayout/_macro/wechat-subscriber.swig\u001b[39m","time":"2017-08-16T12:08:34.913Z","v":0}
{"name":"hexo","hostname":"AFOIG-611211055","pid":5668,"level":20,"msg":"Processed: \u001b[35mlayout/_partials/footer.swig\u001b[39m","time":"2017-08-16T12:08:34.913Z","v":0}
{"name":"hexo","hostname":"AFOIG-611211055","pid":5668,"level":20,"msg":"Processed: \u001b[35mlayout/_partials/header.swig\u001b[39m","time":"2017-08-16T12:08:34.913Z","v":0}
{"name":"hexo","hostname":"AFOIG-611211055","pid":5668,"level":20,"msg":"Processed: \u001b[35mlayout/_partials/page-header.swig\u001b[39m","time":"2017-08-16T12:08:34.914Z","v":0}
{"name":"hexo","hostname":"AFOIG-611211055","pid":5668,"level":20,"msg":"Processed: \u001b[35mlayout/_partials/pagination.swig\u001b[39m","time":"2017-08-16T12:08:34.915Z","v":0}
{"name":"hexo","hostname":"AFOIG-611211055","pid":5668,"level":20,"msg":"Processed: \u001b[35mlayout/_partials/search.swig\u001b[39m","time":"2017-08-16T12:08:34.915Z","v":0}
{"name":"hexo","hostname":"AFOIG-611211055","pid":5668,"level":20,"msg":"Processed: \u001b[35mlayout/_scripts/boostrap.swig\u001b[39m","time":"2017-08-16T12:08:34.915Z","v":0}
{"name":"hexo","hostname":"AFOIG-611211055","pid":5668,"level":20,"msg":"Processed: \u001b[35mlayout/_scripts/commons.swig\u001b[39m","time":"2017-08-16T12:08:34.915Z","v":0}
{"name":"hexo","hostname":"AFOIG-611211055","pid":5668,"level":20,"msg":"Processed: \u001b[35mlayout/_scripts/vendors.swig\u001b[39m","time":"2017-08-16T12:08:34.922Z","v":0}
{"name":"hexo","hostname":"AFOIG-611211055","pid":5668,"level":20,"msg":"Processed: \u001b[35mlayout/_third-party/exturl.swig\u001b[39m","time":"2017-08-16T12:08:34.923Z","v":0}
{"name":"hexo","hostname":"AFOIG-611211055","pid":5668,"level":20,"msg":"Processed: \u001b[35mlayout/_third-party/duoshuo-hot-articles.swig\u001b[39m","time":"2017-08-16T12:08:34.923Z","v":0}
{"name":"hexo","hostname":"AFOIG-611211055","pid":5668,"level":20,"msg":"Processed: \u001b[35mlayout/_third-party/schedule.swig\u001b[39m","time":"2017-08-16T12:08:34.923Z","v":0}
{"name":"hexo","hostname":"AFOIG-611211055","pid":5668,"level":20,"msg":"Processed: \u001b[35mlayout/_third-party/mathjax.swig\u001b[39m","time":"2017-08-16T12:08:34.924Z","v":0}
{"name":"hexo","hostname":"AFOIG-611211055","pid":5668,"level":20,"msg":"Processed: \u001b[35mlayout/_partials/head.swig\u001b[39m","time":"2017-08-16T12:08:34.924Z","v":0}
{"name":"hexo","hostname":"AFOIG-611211055","pid":5668,"level":20,"msg":"Processed: \u001b[35mlayout/_custom/sidebar.swig\u001b[39m","time":"2017-08-16T12:08:34.924Z","v":0}
{"name":"hexo","hostname":"AFOIG-611211055","pid":5668,"level":20,"msg":"Processed: \u001b[35msource/js/src/schemes/pisces.js\u001b[39m","time":"2017-08-16T12:08:34.928Z","v":0}
{"name":"hexo","hostname":"AFOIG-611211055","pid":5668,"level":20,"msg":"Processed: \u001b[35msource/lib/fancybox/source/blank.gif\u001b[39m","time":"2017-08-16T12:08:34.928Z","v":0}
{"name":"hexo","hostname":"AFOIG-611211055","pid":5668,"level":20,"msg":"Processed: \u001b[35msource/lib/fancybox/source/fancybox_loading.gif\u001b[39m","time":"2017-08-16T12:08:34.928Z","v":0}
{"name":"hexo","hostname":"AFOIG-611211055","pid":5668,"level":20,"msg":"Processed: \u001b[35msource/lib/fancybox/source/fancybox_loading@2x.gif\u001b[39m","time":"2017-08-16T12:08:34.929Z","v":0}
{"name":"hexo","hostname":"AFOIG-611211055","pid":5668,"level":20,"msg":"Processed: \u001b[35msource/lib/fancybox/source/fancybox_overlay.png\u001b[39m","time":"2017-08-16T12:08:34.929Z","v":0}
{"name":"hexo","hostname":"AFOIG-611211055","pid":5668,"level":20,"msg":"Processed: \u001b[35msource/lib/fancybox/source/fancybox_sprite.png\u001b[39m","time":"2017-08-16T12:08:34.929Z","v":0}
{"name":"hexo","hostname":"AFOIG-611211055","pid":5668,"level":20,"msg":"Processed: \u001b[35msource/lib/fancybox/source/fancybox_sprite@2x.png\u001b[39m","time":"2017-08-16T12:08:34.929Z","v":0}
{"name":"hexo","hostname":"AFOIG-611211055","pid":5668,"level":20,"msg":"Processed: \u001b[35msource/lib/fancybox/source/jquery.fancybox.css\u001b[39m","time":"2017-08-16T12:08:34.930Z","v":0}
{"name":"hexo","hostname":"AFOIG-611211055","pid":5668,"level":20,"msg":"Processed: \u001b[35msource/lib/fancybox/source/jquery.fancybox.pack.js\u001b[39m","time":"2017-08-16T12:08:34.930Z","v":0}
{"name":"hexo","hostname":"AFOIG-611211055","pid":5668,"level":20,"msg":"Processed: \u001b[35msource/lib/fancybox/source/jquery.fancybox.js\u001b[39m","time":"2017-08-16T12:08:34.931Z","v":0}
{"name":"hexo","hostname":"AFOIG-611211055","pid":5668,"level":20,"msg":"Processed: \u001b[35msource/lib/fastclick/lib/fastclick.js\u001b[39m","time":"2017-08-16T12:08:34.931Z","v":0}
{"name":"hexo","hostname":"AFOIG-611211055","pid":5668,"level":20,"msg":"Processed: \u001b[35msource/lib/fastclick/lib/fastclick.min.js\u001b[39m","time":"2017-08-16T12:08:34.931Z","v":0}
{"name":"hexo","hostname":"AFOIG-611211055","pid":5668,"level":20,"msg":"Processed: \u001b[35msource/lib/font-awesome/css/font-awesome.css\u001b[39m","time":"2017-08-16T12:08:34.931Z","v":0}
{"name":"hexo","hostname":"AFOIG-611211055","pid":5668,"level":20,"msg":"Processed: \u001b[35msource/lib/font-awesome/css/font-awesome.min.css\u001b[39m","time":"2017-08-16T12:08:34.932Z","v":0}
{"name":"hexo","hostname":"AFOIG-611211055","pid":5668,"level":20,"msg":"Processed: \u001b[35msource/lib/font-awesome/css/font-awesome.css.map\u001b[39m","time":"2017-08-16T12:08:34.933Z","v":0}
{"name":"hexo","hostname":"AFOIG-611211055","pid":5668,"level":20,"msg":"Processed: \u001b[35msource/lib/ua-parser-js/dist/ua-parser.min.js\u001b[39m","time":"2017-08-16T12:08:34.933Z","v":0}
{"name":"hexo","hostname":"AFOIG-611211055","pid":5668,"level":20,"msg":"Processed: \u001b[35msource/lib/ua-parser-js/dist/ua-parser.pack.js\u001b[39m","time":"2017-08-16T12:08:34.933Z","v":0}
{"name":"hexo","hostname":"AFOIG-611211055","pid":5668,"level":20,"msg":"Processed: \u001b[35mlayout/_scripts/schemes/muse.swig\u001b[39m","time":"2017-08-16T12:08:34.938Z","v":0}
{"name":"hexo","hostname":"AFOIG-611211055","pid":5668,"level":20,"msg":"Processed: \u001b[35mlayout/_scripts/schemes/mist.swig\u001b[39m","time":"2017-08-16T12:08:34.939Z","v":0}
{"name":"hexo","hostname":"AFOIG-611211055","pid":5668,"level":20,"msg":"Processed: \u001b[35msource/lib/font-awesome/fonts/fontawesome-webfont.woff\u001b[39m","time":"2017-08-16T12:08:34.941Z","v":0}
{"name":"hexo","hostname":"AFOIG-611211055","pid":5668,"level":20,"msg":"Processed: \u001b[35msource/lib/font-awesome/fonts/fontawesome-webfont.woff2\u001b[39m","time":"2017-08-16T12:08:34.942Z","v":0}
{"name":"hexo","hostname":"AFOIG-611211055","pid":5668,"level":20,"msg":"Processed: \u001b[35msource/lib/velocity/velocity.js\u001b[39m","time":"2017-08-16T12:08:34.943Z","v":0}
{"name":"hexo","hostname":"AFOIG-611211055","pid":5668,"level":20,"msg":"Processed: \u001b[35mlayout/_partials/share/add-this.swig\u001b[39m","time":"2017-08-16T12:08:34.979Z","v":0}
{"name":"hexo","hostname":"AFOIG-611211055","pid":5668,"level":20,"msg":"Processed: \u001b[35mlayout/_partials/head/external-fonts.swig\u001b[39m","time":"2017-08-16T12:08:34.980Z","v":0}
{"name":"hexo","hostname":"AFOIG-611211055","pid":5668,"level":20,"msg":"Processed: \u001b[35mlayout/_partials/share/baidushare.swig\u001b[39m","time":"2017-08-16T12:08:34.981Z","v":0}
{"name":"hexo","hostname":"AFOIG-611211055","pid":5668,"level":20,"msg":"Processed: \u001b[35mlayout/_partials/share/jiathis.swig\u001b[39m","time":"2017-08-16T12:08:34.981Z","v":0}
{"name":"hexo","hostname":"AFOIG-611211055","pid":5668,"level":20,"msg":"Processed: \u001b[35mlayout/_partials/share/duoshuo_share.swig\u001b[39m","time":"2017-08-16T12:08:34.981Z","v":0}
{"name":"hexo","hostname":"AFOIG-611211055","pid":5668,"level":20,"msg":"Processed: \u001b[35mlayout/_partials/head/custom-head.swig\u001b[39m","time":"2017-08-16T12:08:34.982Z","v":0}
{"name":"hexo","hostname":"AFOIG-611211055","pid":5668,"level":20,"msg":"Processed: \u001b[35mlayout/_scripts/schemes/pisces.swig\u001b[39m","time":"2017-08-16T12:08:34.982Z","v":0}
{"name":"hexo","hostname":"AFOIG-611211055","pid":5668,"level":20,"msg":"Processed: \u001b[35mlayout/_partials/search/tinysou.swig\u001b[39m","time":"2017-08-16T12:08:34.982Z","v":0}
{"name":"hexo","hostname":"AFOIG-611211055","pid":5668,"level":20,"msg":"Processed: \u001b[35mlayout/_partials/search/localsearch.swig\u001b[39m","time":"2017-08-16T12:08:34.983Z","v":0}
{"name":"hexo","hostname":"AFOIG-611211055","pid":5668,"level":20,"msg":"Processed: \u001b[35mlayout/_partials/search/swiftype.swig\u001b[39m","time":"2017-08-16T12:08:34.983Z","v":0}
{"name":"hexo","hostname":"AFOIG-611211055","pid":5668,"level":20,"msg":"Processed: \u001b[35mlayout/_third-party/comments/changyan.swig\u001b[39m","time":"2017-08-16T12:08:34.983Z","v":0}
{"name":"hexo","hostname":"AFOIG-611211055","pid":5668,"level":20,"msg":"Processed: \u001b[35mlayout/_scripts/pages/post-details.swig\u001b[39m","time":"2017-08-16T12:08:34.984Z","v":0}
{"name":"hexo","hostname":"AFOIG-611211055","pid":5668,"level":20,"msg":"Processed: \u001b[35mlayout/_third-party/comments/duoshuo.swig\u001b[39m","time":"2017-08-16T12:08:34.984Z","v":0}
{"name":"hexo","hostname":"AFOIG-611211055","pid":5668,"level":20,"msg":"Processed: \u001b[35mlayout/_third-party/comments/gentie.swig\u001b[39m","time":"2017-08-16T12:08:34.984Z","v":0}
{"name":"hexo","hostname":"AFOIG-611211055","pid":5668,"level":20,"msg":"Processed: \u001b[35mlayout/_third-party/comments/disqus.swig\u001b[39m","time":"2017-08-16T12:08:34.985Z","v":0}
{"name":"hexo","hostname":"AFOIG-611211055","pid":5668,"level":20,"msg":"Processed: \u001b[35mlayout/_third-party/comments/index.swig\u001b[39m","time":"2017-08-16T12:08:34.985Z","v":0}
{"name":"hexo","hostname":"AFOIG-611211055","pid":5668,"level":20,"msg":"Processed: \u001b[35mlayout/_third-party/comments/hypercomments.swig\u001b[39m","time":"2017-08-16T12:08:34.986Z","v":0}
{"name":"hexo","hostname":"AFOIG-611211055","pid":5668,"level":20,"msg":"Processed: \u001b[35mlayout/_third-party/comments/livere.swig\u001b[39m","time":"2017-08-16T12:08:34.986Z","v":0}
{"name":"hexo","hostname":"AFOIG-611211055","pid":5668,"level":20,"msg":"Processed: \u001b[35mlayout/_third-party/comments/youyan.swig\u001b[39m","time":"2017-08-16T12:08:34.986Z","v":0}
{"name":"hexo","hostname":"AFOIG-611211055","pid":5668,"level":20,"msg":"Processed: \u001b[35mlayout/_third-party/analytics/application-insights.swig\u001b[39m","time":"2017-08-16T12:08:34.987Z","v":0}
{"name":"hexo","hostname":"AFOIG-611211055","pid":5668,"level":20,"msg":"Processed: \u001b[35mlayout/_third-party/analytics/cnzz-analytics.swig\u001b[39m","time":"2017-08-16T12:08:34.987Z","v":0}
{"name":"hexo","hostname":"AFOIG-611211055","pid":5668,"level":20,"msg":"Processed: \u001b[35mlayout/_third-party/analytics/busuanzi-counter.swig\u001b[39m","time":"2017-08-16T12:08:34.988Z","v":0}
{"name":"hexo","hostname":"AFOIG-611211055","pid":5668,"level":20,"msg":"Processed: \u001b[35mlayout/_third-party/analytics/facebook-sdk.swig\u001b[39m","time":"2017-08-16T12:08:34.988Z","v":0}
{"name":"hexo","hostname":"AFOIG-611211055","pid":5668,"level":20,"msg":"Processed: \u001b[35mlayout/_third-party/analytics/lean-analytics.swig\u001b[39m","time":"2017-08-16T12:08:34.989Z","v":0}
{"name":"hexo","hostname":"AFOIG-611211055","pid":5668,"level":20,"msg":"Processed: \u001b[35mlayout/_third-party/analytics/baidu-analytics.swig\u001b[39m","time":"2017-08-16T12:08:34.989Z","v":0}
{"name":"hexo","hostname":"AFOIG-611211055","pid":5668,"level":20,"msg":"Processed: \u001b[35mlayout/_third-party/analytics/tencent-mta.swig\u001b[39m","time":"2017-08-16T12:08:34.989Z","v":0}
{"name":"hexo","hostname":"AFOIG-611211055","pid":5668,"level":20,"msg":"Processed: \u001b[35mlayout/_third-party/analytics/tencent-analytics.swig\u001b[39m","time":"2017-08-16T12:08:34.990Z","v":0}
{"name":"hexo","hostname":"AFOIG-611211055","pid":5668,"level":20,"msg":"Processed: \u001b[35mlayout/_third-party/analytics/google-analytics.swig\u001b[39m","time":"2017-08-16T12:08:34.990Z","v":0}
{"name":"hexo","hostname":"AFOIG-611211055","pid":5668,"level":20,"msg":"Processed: \u001b[35mlayout/_third-party/analytics/vkontakte-api.swig\u001b[39m","time":"2017-08-16T12:08:34.991Z","v":0}
{"name":"hexo","hostname":"AFOIG-611211055","pid":5668,"level":20,"msg":"Processed: \u001b[35mlayout/_third-party/search/index.swig\u001b[39m","time":"2017-08-16T12:08:34.992Z","v":0}
{"name":"hexo","hostname":"AFOIG-611211055","pid":5668,"level":20,"msg":"Processed: \u001b[35mlayout/_third-party/search/localsearch.swig\u001b[39m","time":"2017-08-16T12:08:34.993Z","v":0}
{"name":"hexo","hostname":"AFOIG-611211055","pid":5668,"level":20,"msg":"Processed: \u001b[35mlayout/_third-party/analytics/index.swig\u001b[39m","time":"2017-08-16T12:08:34.993Z","v":0}
{"name":"hexo","hostname":"AFOIG-611211055","pid":5668,"level":20,"msg":"Processed: \u001b[35mlayout/_third-party/search/tinysou.swig\u001b[39m","time":"2017-08-16T12:08:34.994Z","v":0}
{"name":"hexo","hostname":"AFOIG-611211055","pid":5668,"level":20,"msg":"Processed: \u001b[35mlayout/_third-party/seo/baidu-push.swig\u001b[39m","time":"2017-08-16T12:08:34.994Z","v":0}
{"name":"hexo","hostname":"AFOIG-611211055","pid":5668,"level":20,"msg":"Processed: \u001b[35msource/lib/fancybox/source/helpers/fancybox_buttons.png\u001b[39m","time":"2017-08-16T12:08:35.003Z","v":0}
{"name":"hexo","hostname":"AFOIG-611211055","pid":5668,"level":20,"msg":"Processed: \u001b[35msource/lib/fancybox/source/helpers/jquery.fancybox-buttons.css\u001b[39m","time":"2017-08-16T12:08:35.004Z","v":0}
{"name":"hexo","hostname":"AFOIG-611211055","pid":5668,"level":20,"msg":"Processed: \u001b[35msource/lib/fancybox/source/helpers/jquery.fancybox-buttons.js\u001b[39m","time":"2017-08-16T12:08:35.004Z","v":0}
{"name":"hexo","hostname":"AFOIG-611211055","pid":5668,"level":20,"msg":"Processed: \u001b[35msource/lib/fancybox/source/helpers/jquery.fancybox-thumbs.css\u001b[39m","time":"2017-08-16T12:08:35.005Z","v":0}
{"name":"hexo","hostname":"AFOIG-611211055","pid":5668,"level":20,"msg":"Processed: \u001b[35msource/lib/fancybox/source/helpers/jquery.fancybox-media.js\u001b[39m","time":"2017-08-16T12:08:35.005Z","v":0}
{"name":"hexo","hostname":"AFOIG-611211055","pid":5668,"level":20,"msg":"Processed: \u001b[35msource/lib/fancybox/source/helpers/jquery.fancybox-thumbs.js\u001b[39m","time":"2017-08-16T12:08:35.006Z","v":0}
{"name":"hexo","hostname":"AFOIG-611211055","pid":5668,"level":20,"msg":"Processed: \u001b[35msource/lib/font-awesome/fonts/FontAwesome.otf\u001b[39m","time":"2017-08-16T12:08:35.006Z","v":0}
{"name":"hexo","hostname":"AFOIG-611211055","pid":5668,"level":20,"msg":"Processed: \u001b[35msource/lib/font-awesome/fonts/fontawesome-webfont.eot\u001b[39m","time":"2017-08-16T12:08:35.007Z","v":0}
{"name":"hexo","hostname":"AFOIG-611211055","pid":5668,"level":20,"msg":"Processed: \u001b[35msource/lib/font-awesome/fonts/fontawesome-webfont.ttf\u001b[39m","time":"2017-08-16T12:08:35.007Z","v":0}
{"name":"hexo","hostname":"AFOIG-611211055","pid":5668,"level":20,"msg":"Processed: \u001b[35mlayout/_third-party/search/algolia-search/assets.swig\u001b[39m","time":"2017-08-16T12:08:35.018Z","v":0}
{"name":"hexo","hostname":"AFOIG-611211055","pid":5668,"level":20,"msg":"Processed: \u001b[35mlayout/_third-party/search/algolia-search/dom.swig\u001b[39m","time":"2017-08-16T12:08:35.018Z","v":0}
{"name":"hexo","hostname":"AFOIG-611211055","pid":5668,"level":20,"msg":"Processed: \u001b[35msource/lib/algolia-instant-search/instantsearch.min.js\u001b[39m","time":"2017-08-16T12:08:35.019Z","v":0}
{"name":"hexo","hostname":"AFOIG-611211055","pid":5668,"level":20,"msg":"Processed: \u001b[35msource/lib/three/three.min.js\u001b[39m","time":"2017-08-16T12:08:35.020Z","v":0}
{"name":"hexo","hostname":"AFOIG-611211055","pid":5668,"level":20,"msg":"Processed: \u001b[35msource/lib/font-awesome/fonts/fontawesome-webfont.svg\u001b[39m","time":"2017-08-16T12:08:35.022Z","v":0}
{"name":"hexo","hostname":"AFOIG-611211055","pid":5668,"level":20,"msg":"Generator: \u001b[35mpage\u001b[39m","time":"2017-08-16T12:08:36.105Z","v":0}
{"name":"hexo","hostname":"AFOIG-611211055","pid":5668,"level":20,"msg":"Generator: \u001b[35mpost\u001b[39m","time":"2017-08-16T12:08:36.106Z","v":0}
{"name":"hexo","hostname":"AFOIG-611211055","pid":5668,"level":20,"msg":"Generator: \u001b[35marchive\u001b[39m","time":"2017-08-16T12:08:36.106Z","v":0}
{"name":"hexo","hostname":"AFOIG-611211055","pid":5668,"level":20,"msg":"Generator: \u001b[35mbaidusitemap\u001b[39m","time":"2017-08-16T12:08:36.107Z","v":0}
{"name":"hexo","hostname":"AFOIG-611211055","pid":5668,"level":20,"msg":"Generator: \u001b[35mcategory\u001b[39m","time":"2017-08-16T12:08:36.107Z","v":0}
{"name":"hexo","hostname":"AFOIG-611211055","pid":5668,"level":20,"msg":"Generator: \u001b[35mfeed\u001b[39m","time":"2017-08-16T12:08:36.107Z","v":0}
{"name":"hexo","hostname":"AFOIG-611211055","pid":5668,"level":20,"msg":"Generator: \u001b[35mindex\u001b[39m","time":"2017-08-16T12:08:36.107Z","v":0}
{"name":"hexo","hostname":"AFOIG-611211055","pid":5668,"level":20,"msg":"Generator: \u001b[35msitemap\u001b[39m","time":"2017-08-16T12:08:36.108Z","v":0}
{"name":"hexo","hostname":"AFOIG-611211055","pid":5668,"level":20,"msg":"Generator: \u001b[35mtag\u001b[39m","time":"2017-08-16T12:08:36.108Z","v":0}
{"name":"hexo","hostname":"AFOIG-611211055","pid":5668,"level":20,"msg":"Generator: \u001b[35masset\u001b[39m","time":"2017-08-16T12:08:36.110Z","v":0}
{"name":"hexo","hostname":"AFOIG-611211055","pid":5668,"level":30,"msg":"Hexo is running at \u001b[4mhttp://localhost:4000/\u001b[24m. Press Ctrl+C to stop.","time":"2017-08-16T12:08:36.136Z","v":0}
{"name":"hexo","hostname":"AFOIG-611211055","pid":5668,"level":20,"msg":"Database saved","time":"2017-08-16T12:08:36.173Z","v":0}
{"name":"hexo","hostname":"AFOIG-611211055","pid":5668,"level":20,"msg":"Processed: \u001b[35m_posts/Ramda库学习.md\u001b[39m","time":"2017-08-16T12:10:07.860Z","v":0}
{"name":"hexo","hostname":"AFOIG-611211055","pid":5668,"level":20,"msg":"Generator: \u001b[35mpage\u001b[39m","time":"2017-08-16T12:10:08.065Z","v":0}
{"name":"hexo","hostname":"AFOIG-611211055","pid":5668,"level":20,"msg":"Generator: \u001b[35mpost\u001b[39m","time":"2017-08-16T12:10:08.066Z","v":0}
{"name":"hexo","hostname":"AFOIG-611211055","pid":5668,"level":20,"msg":"Generator: \u001b[35marchive\u001b[39m","time":"2017-08-16T12:10:08.066Z","v":0}
{"name":"hexo","hostname":"AFOIG-611211055","pid":5668,"level":20,"msg":"Generator: \u001b[35mbaidusitemap\u001b[39m","time":"2017-08-16T12:10:08.066Z","v":0}
{"name":"hexo","hostname":"AFOIG-611211055","pid":5668,"level":20,"msg":"Generator: \u001b[35mcategory\u001b[39m","time":"2017-08-16T12:10:08.067Z","v":0}
{"name":"hexo","hostname":"AFOIG-611211055","pid":5668,"level":20,"msg":"Generator: \u001b[35mfeed\u001b[39m","time":"2017-08-16T12:10:08.067Z","v":0}
{"name":"hexo","hostname":"AFOIG-611211055","pid":5668,"level":20,"msg":"Generator: \u001b[35mindex\u001b[39m","time":"2017-08-16T12:10:08.068Z","v":0}
{"name":"hexo","hostname":"AFOIG-611211055","pid":5668,"level":20,"msg":"Generator: \u001b[35msitemap\u001b[39m","time":"2017-08-16T12:10:08.068Z","v":0}
{"name":"hexo","hostname":"AFOIG-611211055","pid":5668,"level":20,"msg":"Generator: \u001b[35mtag\u001b[39m","time":"2017-08-16T12:10:08.068Z","v":0}
{"name":"hexo","hostname":"AFOIG-611211055","pid":5668,"level":20,"msg":"Generator: \u001b[35masset\u001b[39m","time":"2017-08-16T12:10:08.076Z","v":0}
{"name":"hexo","hostname":"AFOIG-611211055","pid":5668,"level":30,"msg":"See you again","time":"2017-08-16T12:10:45.661Z","v":0}
{"name":"hexo","hostname":"AFOIG-611211055","pid":5668,"level":20,"msg":"Database saved","time":"2017-08-16T12:10:45.751Z","v":0}
